1








                            FINITE ELEMENT PROGRAM
                  FOR STATIC AND DYNAMIC NONLINEAR ANALYSIS














                    PPPPPPPPP         AAAA        KK      KK
                    PPPPPPPPPP       AAAAAA       KK     KK
                    PP      PP      AA    AA      KK    KK
                    PP      PP     AA      AA     KK   KK
                    PPPPPPPPPP     AA      AA     KK  KK
                    PPPPPPPPP      AA      AA     KKKKK
                    PP             AAAAAAAAAA     KKKKKKK
                    PP             AAAAAAAAAA     KK    KK
                    PP             AA      AA     KK     KK
                    PP             AA      AA     KK      KK






     ---------------------------  VERSION  8.00  ---------------------------











                    "SVETOZAR MARKOVIC" UNIVERSITY
                    FAKULTY OF MECHANICAL ENGINEERING
                    SOFTWARE LABORATORY
                    34000 KRAGUJEVAC
                    YUGOSLAVIA










1
 A   C A R D   I M A G E   L I S T I N G   O F   T H E   I N P U T   D A T A
                            C O L U M N   N U M B E R
 CARD          1         2         3         4         5         6         7
 NUMB 1234567890123456789012345678901234567890123456789012345678901234567890
 ---- ----------------------------------------------------------------------
    1 C /1/ HEADING CARD (80A1)                                             
    2 C NASLOV                                                              
    3   Untitled                                                            
    4 C /2/ FORMAT FOR INPUT DATA (free format)                             
    5 C INDFOR                                                              
    6     2                                                                 
    7 C /3/ BASIC DATA FOR THE PROBLEM (4I5,5X.I5)                          
    8 C NP,NGELEM,NMATM,NPER,NKRT,NCRACK,NCXFEM,IGBM                        
    9     8    1    1    1                                                  
   10 C /4/ BASIC DATA FOR THE PROBLEM (6I2,3X,3I5)                         
   11 C (IOPGL(I),I=1,6),NDIN,ISOPS,ICVEL                                   
   12  0 0 0 1 1 1       0    0    1                                        
   13 C /5/ DATA FOR POST-PROCESSING (10I5)                                 
   14 C NULAZ,NBLPR,NBLGR,ISTKO,NCVPR,ISTEM,ISTVN,ISTSI,ISTDE,ISTNA         
   15     0   -1    1    0    0    0    0    0    0    0    0               
   16 C /6/ GROUP OF CARDS WITH DATA FOR BLOCKS (5I5)                       
   17 C NBL,(NPRGR(NBL,I),I=1,4)                                            
   18     1    1    1 9000    0                                             
   19 C /7/ DATA FOR RESTART (I5,10X,2I5,2F10.0)                            
   20 C IREST,       NMODS,ICCGG,    TOLG,    ALFAG                         
   21     0              0    0  0.000000  0.000000         0               
   22 C /8/ GROUP OF CARDS WITH DATA FOR TIME STEPS (2I5,F10.0)             
   23 C   I,NKDT(I),DTDT(I)    (I=1,NPER)                                   
   24     1   20  0.010000                                                  
   25 C /9/ DATA FOR EQULIBRIUM ITERATIONS (5I5,4F10.0,I5)                  
   26 C METOD,MAXIT,KONVE,KONVS,KONVM,TOLE,    TOLS,     TOLM,     TOLA,NBRC
   27     4   50    1    0    0  0.001000  0.000000  0.000000 0.0000001    2
   28 C /10/ GROUP OF CARDS FOR NODAL POINT DATA (I5,A1,6I2,2X,3F10.0,2I5) (
   29 C  N,CH,(ID(N,I),I=1,6),   (CORD(N,J),J=1,3),      KORC,LJ(N)         
   30     1  1 1 0 0 0 0   -50.00000 -50.00000 100.00000    0    0          
   31     2  0 1 0 0 0 0    50.00000 -50.00000 100.00000    0    0          
   32     3  0 0 0 0 0 0    50.00000  50.00000 100.00000    0    0          
   33     4  1 0 0 0 0 0   -50.00000  50.00000 100.00000    0    0          
   34     5  0 1 1 0 0 0    50.00000 -50.00000   0.00000    0    0          
   35     6  1 1 1 0 0 0   -50.00000 -50.00000   0.00000    0    0          
   36     7  1 0 1 0 0 0   -50.00000  50.00000   0.00000    0    0          
   37     8  0 0 1 0 0 0    50.00000  50.00000   0.00000    0    0          
   38 C /11/ DATA FOR MATERIAL MODELS (3I5)                                 
   39 C (MODEL(I,K),I=1,3)    (K=1,NMATM)                                   
   40    49    1    1                                                       
   41 C /12/ DATA FOR MATERIAL (2I5,F10.0)                                  
   42 C MOD  MAT     GUST                                                   
   43    49    1                                                            
   44 C YOUNG'S MODULUS, POISSON'S RATIO, TENSION CUTOFF,IEL (3F10.0,I5)    
   45 C        E,        V        AT, IEL                                   
   46     100.00      0.25                                                  
   47 C b) Data for definition of failure curve (6F10.0)                    
   48 C        k        B1,        A,     ALFA         T        X0          
   49       0.25       0.0       0.0      0.05       0.0       0.0          
   50 C c) Data for hardening function definition (3F10.0)                  
 ---- ----------------------------------------------------------------------
 CARD          1         2         3         4         5         6         7
 NUMB 1234567890123456789012345678901234567890123456789012345678901234567890
                            C O L U M N   N U M B E R



1
 A   C A R D   I M A G E   L I S T I N G   O F   T H E   I N P U T   D A T A
                            C O L U M N   N U M B E R
 CARD          1         2         3         4         5         6         7
 NUMB 1234567890123456789012345678901234567890123456789012345678901234567890
 ---- ----------------------------------------------------------------------
   51 C        W         D,        R                                        
   52        0.0       0.0       0.0                                        
   53 C /13/ ELEMENT GROUP DATA (7I5,3F10.0)    (I=1,NGELEM)                
   54 C NETIP,NE,IATYP,NMODM,INDBTH,INDDTH,INDKOV, COEF1, COEF2, COEF3      
   55     3    1    1   49    0    0    0    0  0.000000  0.000000  0.000000
   56 C /13-3/ DATA FOR 3D ISOPARAMETRIC ELEMENTS                           
   57 C Card with basic data about 3D elements (3I5,5X,F10.0,35X,I5         
   58 C NGAUSX,NGAUSY,NGARSZ,BETA,IALFA                                     
   59     2    2    2       0.000000                                       0
   60 C Card with data about the current element (6I5,10X,2F10.0)           
   61 C NN,NMAT,IPRCO,ISNA,IPGS,KORC,BTH,DTH                                
   62 C Card with nodal data (1 to K) of the element (8I5)                  
   63 C (NEL(NN,I),I=1,8)                                                   
   64     7    1    0    0    0    0            0.000000  0.000000          
   65     2    5    8    3    1    6    7    4                              
   66                                                                       
   67 C /14/ DATA ABOUT TIME FUNCTIONS (2I5)                                
   68 C NTABFT,MAXTFT                                                       
   69     1  100                                                            
   70 C a) Data about function in a table form (2I5)                        
   71 C IBR,IMAX    (IMAX.LE.MAXTFT)                                        
   72     1    2                                                            
   73 C b) Values for argument - function (2F10.0)                          
   74 C ((FN(I,IBR,J),I=1,2),J=1,IMAX)                                      
   75 0.0000e+00  0.000e+00                                                 
   76 4.0000e-01 -4.000e+00                                                 
   77 C /15/ GENERAL DATA ABOUT LOADS (4I5,5X,5I5)                          
   78 C NCF,NPP2,NPP3, NPGR,    NPLJ,NTEMP,NZADP,INDZS,ICERNE               
   79     0    0    0    0         0    0   -4    0    0                    
   80 C /15-8/ DATA FOR PRESCRIBED DISPLACEMENTS (3I5,F10.0,I5)             
   81 C   N   IP   NC       FAK KORC                                        
   82     3    2    1 1.0000e+0    0                                        
   83     4    2    1 1.0000e+0    0                                        
   84     7    2    1 1.0000e+0    0                                        
   85     8    2    1 1.0000e+0    0                                        
   86 C /16/ FINAL CARD (A4)                                                
   87 STOP                                                                  
 ---- ----------------------------------------------------------------------
 CARD          1         2         3         4         5         6         7
 NUMB 1234567890123456789012345678901234567890123456789012345678901234567890
                            C O L U M N   N U M B E R


 ******************* E N D   O F   I N P U T   L I S T I N G ***************



1
 CARD NUMBER    3



 ****************************************************************************

   Untitled                                                                  

 ****************************************************************************






 CARD NUMBER    6



           FORMAT FOR INPUT DATA ......................... INDFOR =    2
                EQ.0; INDFOR = 1
                EQ.1; FREE FORMAT
                EQ.2; FIXED FORMAT






 CARD NUMBER    9



      B A S I C   D A T A   F O R   T H E   P R O B L E M
      ---------------------------------------------------


           TOTAL NUMBER OF NODAL POINTS ................. NP =         8
                LE.0; PROGRAM STOP


           TOTAL NUMBER OF DIFFERENT ELEMENT GROUPS ...... NGELEM =    1
                EQ.0; DEFAULT SET "1"


           TOTAL NUMBER OF DIFFERENT MATERIAL MODELS ...... NMATM =    1
                EQ.0; DEFAULT SET "1"


           NUMBER OF PERIODS WITH CONSTANT TIME STEPS ...... NPER =    1
                EQ.0; DEFAULT SET TO "1"


           TOTAL NUMBER SUBSTRUCTURES ......................  JPS =    1
                EQ.0; JPS = 1


           TOTAL NUMBER OF RIGID BODIES .................... NKRT =    0
                EQ.0; NO RIGID BODIES


           DISPLACEMENT-STRESS MIXED METHOD ............... MIXED =    0
                EQ.0; NO
                EQ.1; YES


           NUMBER OF CRACKS FOR J INTEGRAL ............... NCRACK =    0
                EQ.0; NO CRACKS


           NUMBER OF CRACKS FOR XFEM METHOD .............. NCXFEM =    0
                EQ.0; NO CRACKS


           NUMBER OF CRACKS FOR MESLESS (GBM) .............. IGBM =    0
                EQ.0; NO CRACKS






 CARD NUMBER   12



           INDICATORS FOR GLOBAL CONSTRAINTS OF TRANSLATIONS AND ROTATIONS
                EQ.0; FREE
                EQ.1; RESTRAINED
                      GLOBAL TRANSLATION IN X DIRECTION  IOPGL(1) =    0
                      GLOBAL TRANSLATION IN Y DIRECTION  IOPGL(2) =    0
                      GLOBAL TRANSLATION IN Z DIRECTION  IOPGL(3) =    0
                      GLOBAL ROTATION AROUND X/V1 AXIS . IOPGL(4) =    1
                      GLOBAL ROTATION AROUND Y/V2 AXIS . IOPGL(5) =    1
                      GLOBAL ROTATION AROUND Z/VN AXIS . IOPGL(6) =    1


           TYPE OF ANALYSIS ................................ NDIN =    0
                EQ.0; STATICS
                EQ.1; DYNAMICS


           INDICATOR FOR EIGENVALUE COMPUTATIONS .......... ISOPS =    0
                EQ.0; NO COMPUTATIONS
                EQ.1; YES


           INDICATOR FOR NUMERATION OF NODES AND ELEMENTS . ICVEL =    1
                EQ.0; INCREASING
                EQ.1; FREE


           INDICATORS FOR GLOBAL CONSTRAINTS OF NODAL STRESSES
                EQ.0; NO CONSTRAINTS
                EQ.1; CONSTRAINT EXISTS
                      NORMAL STRESS IN X DIRECTION ..... IOPGS(1) =    0
                      NORMAL STRESS IN Y DIRECTION ..... IOPGS(2) =    0
                      NORMAL STRESS IN Z DIRECTION ..... IOPGS(3) =    0
                      SHEAR STRESS IN XY PLANE ......... IOPGS(4) =    0
                      SHEAR STRESS IN YZ PLANE ......... IOPGS(5) =    0
                      SHEAR STRESS IN ZX PLANE ......... IOPGS(6) =    0






 CARD NUMBER   15



      D A T A   F O R   P O S T - P R O C E S S I N G
      -----------------------------------------------


           KIND OF PRINTOUT OF THE INPUT DATA ............. NULAZ =    1
                LT.0; NO  PRINTOUT
                EQ.0; NULAZ = 1
                EQ.1; CARD IMAGE, INPUT DATA READ AND GENERATED ARE PRINTED
                EQ.2; CARD IMAGE PRINTED
                EQ.3; INPUT DATA READ AND GENERATED ARE PRINTED


           NUMBER OF BLOCKS FOR RESULTS PRINTOUT .......... NBLPR =   -1
                EQ.0; RESULTS ARE PRINTED IN ALL TIME STEPS
                LT.0; NO PRINTOUT OF RESULTS


           NUMBER BLOCKS FOR PLOTTING OF RESULTS .......... NBLGR =    1
                EQ.0; RESULTS ARE PLOTTED IN ALL TIME STEPS
                LT.0; NO PLOTTING OF RESULTS


           INDICATOR FOR PRINTING OUTPUT IN SEPARATE FILE . ISTKO =    0
                EQ.0; ALL STEPS PRINTED IN ONE FILE
                EQ.1; RESULTS PRINTED SEPARATELY



           NUMBER OF NODES FOR RESULTS PRINTOUT ........... NCVPR =    0
                EQ.0; PRINTING AT ALL NODES


           INDICATOR FOR PLOTTING TEMPERATURES ............ ISTEM =    0
                EQ.-1; NO PLOTTING


           INDICATOR FOR PLOTTING NODAL NORMAL VECTORS .... ISTVN =    0
                EQ.-1; NO PLOTTING


           INDICATOR FOR PLOTTING NODAL FORCES  ........... ISTSI =    0
                EQ.-1; NO PLOTTING


           INDICATOR FOR PRINTING STRAINS ................. ISTDE =    0
                EQ.-1; NO PRINTING


           INDICATOR FOR PRINTING RESULTS WITHIN ELEMENT .. ISTNA =    0
                EQ. 0; PRINTING AT INTEGRATION POINTS
                EQ. 1; IN ELEMENT CENTER
                EQ. 2; MAXIMUM VALUES






 CARD NUMBER    18



      DATA FOR BLOCKS USED IN PREPARING RESULTS FOR GRAPHICS
      ------------------------------------------------------


           BLOCK NUMBER FIRST STEP    INCREMENT    LAST STEP       INDICATOR (=0-ALL;=1-DISPLACEMENTS;=2-STRESSES)
               1            1             1           9000             0






 CARD NUMBER    21



      D A T A    F O R    R E S T A R T 
      ---------------------------------


           INDICATOR FOR JOB EXECUTION  ................... IREST =    0
                EQ.0; JOB EXECUTION
                EQ.1; RESTART OF JOB
                EQ.2; INPUT DATA CHECK


           NUMBER OF EIGEN MODES USED FOR IMPERFECTION .... NMODS =    0
                EQ.0; NO IMPERFECTION
                GT.0; READ EIGEN VECTORS FROM I/O UNIT "ZMODES"


           SOLVER TYPE .................................... ICCGG =    0
                EQ. 0 ; DIRECT SOLUTION - SYMMETRIC
                EQ.-11; MUMPS SYMMETRIC
                EQ.-1 ; ITERATIVE ICCG SOLUTION
                EQ. 1 ; ITERATIVE PCG SOLUTION
                EQ. 2 ; DIRECT SOLUTION - NONSYMMETRIC


           ICCG TOLERANCE ............................. TOLG = 1.000D-03


           ICCG SHIFT VALUE .......................... ALFAG = 0.000D+00


           INDICATOR FOR NUMBER OF PROCESSORS............... IPAR =    1


           KORAK U KOME SE RESETUJU POMERANJA.............. KODUZ =    0







 CARD NUMBER    24



      D A T A   F O R   T I M E   S T E P S
      -------------------------------------


            SOLUTION PERIOD        NUM. OF TIME STEP          TIME STEP
                    1                     20                 1.00000D-02
            ------------------------------------------------------------
            NUMBER OF TIME STEPS   NDT =  20    TOTAL TIME = 2.00000D-01






 CARD NUMBER    27



      D A T A    F O R    E Q U I L I B R I U M    I T E R A T I O N S
      ----------------------------------------------------------------


           ITERATION METHOD EMPLOYED ...................... METOD =    4
                LT. 0; ITERATION WITH ELASTIC TANGENT MATRIX
                EQ. 0; METOD = 1
                EQ. 1; MODIFIED NEWTON
                EQ. 2; MODIFIED NEWTON + AEITKEN ACCELERATION
                EQ. 3; FULL NEWTON
                EQ. 4; FULL NEWTON + LINE SEARCH
                EQ. 5; BFGS

                       AUTOMATIC LOADING - CONSTANT ARC LENGTH
                EQ.61;                     COMBINED WITH (1)
                EQ.63;                     COMBINED WITH (3)

                       AUTOMATIC LOADING - DISPLACEMENT CONTROL
                EQ.71;                     COMBINED WITH (1)
                EQ.73;                     COMBINED WITH (3)


           MAXIMUM NUMBER OF ITERATIONS IN A STEP ......... MAXIT =   50
                EQ.0; MAXIT = 10


           CONVERGENCE CRITERION  - ENERGY ................ KONVE =    1
                EQ.0; NOT USED
                EQ.1; USED


           CONVERGENCE CRITERION  - FORCE ................. KONVS =    0
                EQ.0; NOT USED
                EQ.1; USED


           CONVERGENCE CRITERION  - MOMENT ................ KONVM =    0
                EQ.0; NOT USED
                EQ.1; USED


           TOLERANCE FOR UNBALANCED ENERGY ............ TOLE = 1.000D-03
                EQ.0; TOLE = 0.01


           TOLERANCE FOR UNBALANCED FORCE ............. TOLS = 1.000D-02


           TOLERANCE FOR UNBALANCED MOMENT ............ TOLM = 1.000D-02


           ABSOLUTE TOLERANCE FOR ENERGY .............. TOLA = 1.000D-07
                EQ.0; TOLA = 1.D-10


           NUMBER DISCRETE EVENTS ......................... NBRCR =    2
                CONCRETE - NUMBER OF CRACKS PER ITERATION IN ELEMENT GROUP
                CONTACT - NUMBER OF CHANGED CONTACT CONDITIONS






 I N P U T   N O D A L   D A T A
 -------------------------------


  NODE COOR    CONSTRAINTS        C  O  O  R  D  I  N  A  T  E  S   STEP SKEW
  NUMB SYST NX NY NZ WX WY WZ        X           Y           Z      GENE SYST
          1       1  1  0  0  0  0    -50.000000000  -50.000000000  100.000000000    0    0
          2       0  1  0  0  0  0     50.000000000  -50.000000000  100.000000000    0    0
          3       0  0  0  0  0  0     50.000000000   50.000000000  100.000000000    0    0
          4       1  0  0  0  0  0    -50.000000000   50.000000000  100.000000000    0    0
          5       0  1  1  0  0  0     50.000000000  -50.000000000    0.000000000    0    0
          6       1  1  1  0  0  0    -50.000000000  -50.000000000    0.000000000    0    0
          7       1  0  1  0  0  0    -50.000000000   50.000000000    0.000000000    0    0
          8       0  0  1  0  0  0     50.000000000   50.000000000    0.000000000    0    0



1
 CARD FROM NUMBER    30 TO   37



 G E N E R A T E D   N O D A L   D A T A
 ---------------------------------------



  NODE  E Q U A T I O N  N U M B E R   C  O  O  R  D  I  N  A  T  E  S   SKEW
  NUMB                                    X           Y           Z      SYST
          1         0         0         1         0         0         0  -50.000000  -50.000000  100.000000    0
          2         2         0         3         0         0         0   50.000000  -50.000000  100.000000    0
          3         4         5         6         0         0         0   50.000000   50.000000  100.000000    0
          4         0         7         8         0         0         0  -50.000000   50.000000  100.000000    0
          5         9         0         0         0         0         0   50.000000  -50.000000    0.000000    0
          6         0         0         0         0         0         0  -50.000000  -50.000000    0.000000    0
          7         0        10         0         0         0         0  -50.000000   50.000000    0.000000    0
          8        11        12         0         0         0         0   50.000000   50.000000    0.000000    0



1
 CARD NUMBER    40



      D A T A   F O R   M A T E R I A L   M O D E L S
      -----------------------------------------------


           MODEL   NUMBER OF MATERIALS   MAX NUMBER OF POINTS ON CURVE
            49            1                       1






      D  A  T  A     F  O  R     M  A  T  E  R  I  A  L  S
      ----------------------------------------------------






 CARD FROM NUMBER    43 TO   52



      MATERIAL MODEL NUMBER =    41 (SOIL PLASTICITY - DRUCKER-PRAGER)


           MATERIAL NUMBER =    1


      M  A  T  E  R  I  A  L      C  O  N  S  T  A  N  T  S

                Y O U N G S       M O D U L U S  ......  E = 1.00000D+02

                P O I S S O N S      R A T I O  .......  V = 2.50000D-01




            C O E F F I C I J E N T S  F O R  C U R V E  F1=0 
                     k           Alfa            T             Lo
                 2.50000D-01   5.00000D-02   0.00000D+00   0.00000D+00




            C O E F F I C I J E N T S  F O R  H A R D E N I N G  C U R V E
                    W              D 
                 0.00000D+00   0.00000D+00

                D E N S I T Y ....................... GUST = 0.00000D+00



1
      I N P U T    D A T A    F O R    E L E M E N T  G R O U P S
      -------------------------------------------------------------
